101.03.27 15:42 B C:\忖훻\천썭칬\img\bar1.gif <-- Ipswitch /home1/prof/kcjang/www/img bar1.gif
101.03.27 15:42 B C:\忖훻\천썭칬\img\blue3_1.gif <-- Ipswitch /home1/prof/kcjang/www/img blue3_1.gif
101.03.27 15:42 B C:\忖훻\천썭칬\img\blue4_3.gif <-- Ipswitch /home1/prof/kcjang/www/img blue4_3.gif
101.03.27 15:42 B C:\忖훻\천썭칬\img\blue4_4.gif <-- Ipswitch /home1/prof/kcjang/www/img blue4_4.gif
101.03.27 15:42 B C:\忖훻\천썭칬\img\blue4_5.gif <-- Ipswitch /home1/prof/kcjang/www/img blue4_5.gif
101.03.27 15:42 B C:\忖훻\천썭칬\img\board.jpg <-- Ipswitch /home1/prof/kcjang/www/img board.jpg
101.03.27 15:42 B C:\忖훻\천썭칬\img\book-s.gif <-- Ipswitch /home1/prof/kcjang/www/img book-s.gif
101.03.27 15:42 B C:\忖훻\천썭칬\img\book.gif <-- Ipswitch /home1/prof/kcjang/www/img book.gif
101.03.27 15:42 B C:\忖훻\천썭칬\img\book.jpg <-- Ipswitch /home1/prof/kcjang/www/img book.jpg
101.03.27 15:42 B C:\忖훻\천썭칬\img\bu_pen1.gif <-- Ipswitch /home1/prof/kcjang/www/img bu_pen1.gif
101.03.27 15:42 B C:\忖훻\천썭칬\img\bu_pen2.gif <-- Ipswitch /home1/prof/kcjang/www/img bu_pen2.gif
101.03.27 15:42 B C:\忖훻\천썭칬\img\cell_bot.gif <-- Ipswitch /home1/prof/kcjang/www/img cell_bot.gif
101.03.27 15:42 B C:\忖훻\천썭칬\img\cell_left.gif <-- Ipswitch /home1/prof/kcjang/www/img cell_left.gif
101.03.27 15:42 B C:\忖훻\천썭칬\img\cell_right.gif <-- Ipswitch /home1/prof/kcjang/www/img cell_right.gif
101.03.27 15:42 B C:\忖훻\천썭칬\img\cell_top.gif <-- Ipswitch /home1/prof/kcjang/www/img cell_top.gif
101.03.27 15:42 B C:\忖훻\천썭칬\img\disk.gif <-- Ipswitch /home1/prof/kcjang/www/img disk.gif
101.03.27 15:42 B C:\忖훻\천썭칬\img\dot1_blu2.gif <-- Ipswitch /home1/prof/kcjang/www/img dot1_blu2.gif
101.03.27 15:42 B C:\忖훻\천썭칬\img\eng.jpg <-- Ipswitch /home1/prof/kcjang/www/img eng.jpg
101.03.27 15:42 B C:\忖훻\천썭칬\img\english-s.gif <-- Ipswitch /home1/prof/kcjang/www/img english-s.gif
101.03.27 15:42 B C:\忖훻\천썭칬\img\english.gif <-- Ipswitch /home1/prof/kcjang/www/img english.gif
101.03.27 15:42 B C:\忖훻\천썭칬\img\hexa_org.gif <-- Ipswitch /home1/prof/kcjang/www/img hexa_org.gif
101.03.27 15:42 B C:\忖훻\천썭칬\img\home4.gif <-- Ipswitch /home1/prof/kcjang/www/img home4.gif
101.03.27 15:42 B C:\忖훻\천썭칬\img\intro-s.gif <-- Ipswitch /home1/prof/kcjang/www/img intro-s.gif
101.03.27 15:42 B C:\忖훻\천썭칬\img\intro.gif <-- Ipswitch /home1/prof/kcjang/www/img intro.gif
101.03.27 15:42 B C:\忖훻\천썭칬\img\intro.jpg <-- Ipswitch /home1/prof/kcjang/www/img intro.jpg
101.03.27 15:42 B C:\忖훻\천썭칬\img\mail06.gif <-- Ipswitch /home1/prof/kcjang/www/img mail06.gif
101.03.27 15:42 B C:\忖훻\천썭칬\img\mail6.gif <-- Ipswitch /home1/prof/kcjang/www/img mail6.gif
101.03.27 15:42 B C:\忖훻\천썭칬\img\main01.gif <-- Ipswitch /home1/prof/kcjang/www/img main01.gif
101.03.27 15:42 B C:\忖훻\천썭칬\img\menu1.jpg <-- Ipswitch /home1/prof/kcjang/www/img menu1.jpg
101.03.27 15:42 B C:\忖훻\천썭칬\img\menu2.jpg <-- Ipswitch /home1/prof/kcjang/www/img menu2.jpg
101.03.27 15:42 B C:\忖훻\천썭칬\img\menu3.jpg <-- Ipswitch /home1/prof/kcjang/www/img menu3.jpg
101.03.27 15:42 B C:\忖훻\천썭칬\img\menu4.jpg <-- Ipswitch /home1/prof/kcjang/www/img menu4.jpg
101.03.27 15:42 B C:\忖훻\천썭칬\img\menu5.jpg <-- Ipswitch /home1/prof/kcjang/www/img menu5.jpg
101.03.27 15:42 B C:\忖훻\천썭칬\img\menu6.jpg <-- Ipswitch /home1/prof/kcjang/www/img menu6.jpg
101.03.27 15:42 B C:\忖훻\천썭칬\img\menu7.jpg <-- Ipswitch /home1/prof/kcjang/www/img menu7.jpg
101.03.27 15:42 B C:\忖훻\천썭칬\img\menu8.jpg <-- Ipswitch /home1/prof/kcjang/www/img menu8.jpg
101.03.27 15:42 B C:\忖훻\천썭칬\img\menu9.jpg <-- Ipswitch /home1/prof/kcjang/www/img menu9.jpg
101.03.27 15:42 B C:\忖훻\천썭칬\img\paper-s.gif <-- Ipswitch /home1/prof/kcjang/www/img paper-s.gif
101.03.27 15:42 B C:\忖훻\천썭칬\img\paper.gif <-- Ipswitch /home1/prof/kcjang/www/img paper.gif
101.03.27 15:42 B C:\忖훻\천썭칬\img\paper.jpg <-- Ipswitch /home1/prof/kcjang/www/img paper.jpg
101.03.27 15:42 B C:\忖훻\천썭칬\img\pe.jpg <-- Ipswitch /home1/prof/kcjang/www/img pe.jpg
101.03.27 15:42 B C:\忖훻\천썭칬\img\poem.jpg <-- Ipswitch /home1/prof/kcjang/www/img poem.jpg
101.03.27 15:42 B C:\忖훻\천썭칬\img\preach-s.gif <-- Ipswitch /home1/prof/kcjang/www/img preach-s.gif
101.03.27 15:42 B C:\忖훻\천썭칬\img\preach.gif <-- Ipswitch /home1/prof/kcjang/www/img preach.gif
101.03.27 15:42 B C:\忖훻\천썭칬\img\ser.jpg <-- Ipswitch /home1/prof/kcjang/www/img ser.jpg
101.03.27 15:42 B C:\忖훻\천썭칬\img\series-s.gif <-- Ipswitch /home1/prof/kcjang/www/img series-s.gif
101.03.27 15:42 B C:\忖훻\천썭칬\img\series.gif <-- Ipswitch /home1/prof/kcjang/www/img series.gif
101.03.27 15:42 B C:\忖훻\천썭칬\img\short-s.gif <-- Ipswitch /home1/prof/kcjang/www/img short-s.gif
101.03.27 15:42 B C:\忖훻\천썭칬\img\short.gif <-- Ipswitch /home1/prof/kcjang/www/img short.gif
101.03.27 15:42 B C:\忖훻\천썭칬\img\short.jpg <-- Ipswitch /home1/prof/kcjang/www/img short.jpg
101.03.27 15:42 B C:\忖훻\천썭칬\img\tail.gif <-- Ipswitch /home1/prof/kcjang/www/img tail.gif
101.03.27 15:42 B C:\忖훻\천썭칬\img\top4.gif <-- Ipswitch /home1/prof/kcjang/www/img top4.gif
101.03.27 15:42 B C:\忖훻\천썭칬\img\trans-s.gif <-- Ipswitch /home1/prof/kcjang/www/img trans-s.gif
101.03.27 15:42 B C:\忖훻\천썭칬\img\trans.gif <-- Ipswitch /home1/prof/kcjang/www/img trans.gif
101.03.27 15:42 B C:\忖훻\천썭칬\img\trans.jpg <-- Ipswitch /home1/prof/kcjang/www/img trans.jpg
101.03.27 15:44 B C:\忖훻\천썭칬\img\bar1.gif --> mail.swu.ac.kr /home1/kcjang/html/img bar1.gif
101.03.27 15:44 B C:\忖훻\천썭칬\img\blue3_1.gif --> mail.swu.ac.kr /home1/kcjang/html/img blue3_1.gif
101.03.27 15:44 B C:\忖훻\천썭칬\img\blue4_3.gif --> mail.swu.ac.kr /home1/kcjang/html/img blue4_3.gif
101.03.27 15:44 B C:\忖훻\천썭칬\img\blue4_4.gif --> mail.swu.ac.kr /home1/kcjang/html/img blue4_4.gif
101.03.27 15:44 B C:\忖훻\천썭칬\img\blue4_5.gif --> mail.swu.ac.kr /home1/kcjang/html/img blue4_5.gif
101.03.27 15:44 B C:\忖훻\천썭칬\img\board.jpg --> mail.swu.ac.kr /home1/kcjang/html/img board.jpg
101.03.27 15:44 B C:\忖훻\천썭칬\img\book-s.gif --> mail.swu.ac.kr /home1/kcjang/html/img book-s.gif
101.03.27 15:44 B C:\忖훻\천썭칬\img\book.gif --> mail.swu.ac.kr /home1/kcjang/html/img book.gif
101.03.27 15:44 B C:\忖훻\천썭칬\img\book.jpg --> mail.swu.ac.kr /home1/kcjang/html/img book.jpg
101.03.27 15:44 B C:\忖훻\천썭칬\img\bu_pen1.gif --> mail.swu.ac.kr /home1/kcjang/html/img bu_pen1.gif
101.03.27 15:44 B C:\忖훻\천썭칬\img\bu_pen2.gif --> mail.swu.ac.kr /home1/kcjang/html/img bu_pen2.gif
101.03.27 15:44 B C:\忖훻\천썭칬\img\cell_bot.gif --> mail.swu.ac.kr /home1/kcjang/html/img cell_bot.gif
101.03.27 15:44 B C:\忖훻\천썭칬\img\cell_left.gif --> mail.swu.ac.kr /home1/kcjang/html/img cell_left.gif
101.03.27 15:44 B C:\忖훻\천썭칬\img\cell_right.gif --> mail.swu.ac.kr /home1/kcjang/html/img cell_right.gif
101.03.27 15:44 B C:\忖훻\천썭칬\img\cell_top.gif --> mail.swu.ac.kr /home1/kcjang/html/img cell_top.gif
101.03.27 15:44 B C:\忖훻\천썭칬\img\disk.gif --> mail.swu.ac.kr /home1/kcjang/html/img disk.gif
101.03.27 15:44 B C:\忖훻\천썭칬\img\dot1_blu2.gif --> mail.swu.ac.kr /home1/kcjang/html/img dot1_blu2.gif
101.03.27 15:44 B C:\忖훻\천썭칬\img\eng.jpg --> mail.swu.ac.kr /home1/kcjang/html/img eng.jpg
101.03.27 15:44 B C:\忖훻\천썭칬\img\english-s.gif --> mail.swu.ac.kr /home1/kcjang/html/img english-s.gif
101.03.27 15:44 B C:\忖훻\천썭칬\img\english.gif --> mail.swu.ac.kr /home1/kcjang/html/img english.gif
101.03.27 15:44 B C:\忖훻\천썭칬\img\hexa_org.gif --> mail.swu.ac.kr /home1/kcjang/html/img hexa_org.gif
101.03.27 15:44 B C:\忖훻\천썭칬\img\home4.gif --> mail.swu.ac.kr /home1/kcjang/html/img home4.gif
101.03.27 15:44 B C:\忖훻\천썭칬\img\index.html --> mail.swu.ac.kr /home1/kcjang/html/img index.html
101.03.27 15:44 B C:\忖훻\천썭칬\img\intro-s.gif --> mail.swu.ac.kr /home1/kcjang/html/img intro-s.gif
101.03.27 15:44 B C:\忖훻\천썭칬\img\intro.gif --> mail.swu.ac.kr /home1/kcjang/html/img intro.gif
101.03.27 15:44 B C:\忖훻\천썭칬\img\intro.jpg --> mail.swu.ac.kr /home1/kcjang/html/img intro.jpg
101.03.27 15:44 B C:\忖훻\천썭칬\img\mail06.gif --> mail.swu.ac.kr /home1/kcjang/html/img mail06.gif
101.03.27 15:44 B C:\忖훻\천썭칬\img\mail6.gif --> mail.swu.ac.kr /home1/kcjang/html/img mail6.gif
101.03.27 15:44 B C:\忖훻\천썭칬\img\main01.gif --> mail.swu.ac.kr /home1/kcjang/html/img main01.gif
101.03.27 15:44 B C:\忖훻\천썭칬\img\menu1.jpg --> mail.swu.ac.kr /home1/kcjang/html/img menu1.jpg
101.03.27 15:44 B C:\忖훻\천썭칬\img\menu2.jpg --> mail.swu.ac.kr /home1/kcjang/html/img menu2.jpg
101.03.27 15:44 B C:\忖훻\천썭칬\img\menu3.jpg --> mail.swu.ac.kr /home1/kcjang/html/img menu3.jpg
101.03.27 15:44 B C:\忖훻\천썭칬\img\menu4.jpg --> mail.swu.ac.kr /home1/kcjang/html/img menu4.jpg
101.03.27 15:44 B C:\忖훻\천썭칬\img\menu5.jpg --> mail.swu.ac.kr /home1/kcjang/html/img menu5.jpg
101.03.27 15:44 B C:\忖훻\천썭칬\img\menu6.jpg --> mail.swu.ac.kr /home1/kcjang/html/img menu6.jpg
101.03.27 15:44 B C:\忖훻\천썭칬\img\menu7.jpg --> mail.swu.ac.kr /home1/kcjang/html/img menu7.jpg
101.03.27 15:44 B C:\忖훻\천썭칬\img\menu8.jpg --> mail.swu.ac.kr /home1/kcjang/html/img menu8.jpg
101.03.27 15:44 B C:\忖훻\천썭칬\img\menu9.jpg --> mail.swu.ac.kr /home1/kcjang/html/img menu9.jpg
101.03.27 15:44 B C:\忖훻\천썭칬\img\paper-s.gif --> mail.swu.ac.kr /home1/kcjang/html/img paper-s.gif
101.03.27 15:44 B C:\忖훻\천썭칬\img\paper.gif --> mail.swu.ac.kr /home1/kcjang/html/img paper.gif
101.03.27 15:44 B C:\忖훻\천썭칬\img\paper.jpg --> mail.swu.ac.kr /home1/kcjang/html/img paper.jpg
101.03.27 15:44 B C:\忖훻\천썭칬\img\pe.jpg --> mail.swu.ac.kr /home1/kcjang/html/img pe.jpg
101.03.27 15:44 B C:\忖훻\천썭칬\img\poem.jpg --> mail.swu.ac.kr /home1/kcjang/html/img poem.jpg
101.03.27 15:44 B C:\忖훻\천썭칬\img\preach-s.gif --> mail.swu.ac.kr /home1/kcjang/html/img preach-s.gif
101.03.27 15:44 B C:\忖훻\천썭칬\img\preach.gif --> mail.swu.ac.kr /home1/kcjang/html/img preach.gif
101.03.27 15:44 B C:\忖훻\천썭칬\img\ser.jpg --> mail.swu.ac.kr /home1/kcjang/html/img ser.jpg
101.03.27 15:44 B C:\忖훻\천썭칬\img\series-s.gif --> mail.swu.ac.kr /home1/kcjang/html/img series-s.gif
101.03.27 15:44 B C:\忖훻\천썭칬\img\series.gif --> mail.swu.ac.kr /home1/kcjang/html/img series.gif
101.03.27 15:44 B C:\忖훻\천썭칬\img\short-s.gif --> mail.swu.ac.kr /home1/kcjang/html/img short-s.gif
101.03.27 15:44 B C:\忖훻\천썭칬\img\short.gif --> mail.swu.ac.kr /home1/kcjang/html/img short.gif
101.03.27 15:44 B C:\忖훻\천썭칬\img\short.jpg --> mail.swu.ac.kr /home1/kcjang/html/img short.jpg
101.03.27 15:44 B C:\忖훻\천썭칬\img\tail.gif --> mail.swu.ac.kr /home1/kcjang/html/img tail.gif
101.03.27 15:44 B C:\忖훻\천썭칬\img\top4.gif --> mail.swu.ac.kr /home1/kcjang/html/img top4.gif
101.03.27 15:44 B C:\忖훻\천썭칬\img\trans-s.gif --> mail.swu.ac.kr /home1/kcjang/html/img trans-s.gif
101.03.27 15:44 B C:\忖훻\천썭칬\img\trans.gif --> mail.swu.ac.kr /home1/kcjang/html/img trans.gif
101.03.27 15:44 B C:\忖훻\천썭칬\img\trans.jpg --> mail.swu.ac.kr /home1/kcjang/html/img trans.jpg
